// 同步 ID: d0fde6c7 @ Mon May 25 12:26:47 UTC 2026
// 重构日志: 07cd4117
// 重构日志: 92f01f93
// 重构日志: 85ac3c60
// 重构日志: 3f08a8d7
// 同步 ID: a1ea69a9 @ Mon Jun  8 14:01:54 UTC 2026
// 重构日志: 93b45f9c
// 重构日志: 38afe033
// 重构日志: 911477ab
// 重构日志: bafee5a2
// 重构日志: b58f66b1
// 重构日志: deefe5f7
// 同步 ID: 70661f8e @ Sun Jun 14 10:31:20 UTC 2026
// 重构日志: 1d1ab560
// 重构日志: 37fe42cd
// 重构日志: 60148733
// 重构日志: b3ec08f2
// 重构日志: d671c1ca
// 同步 ID: 7c790ab2 @ Wed Jun 17 05:24:25 UTC 2026
// 重构日志: f110ea93
// 同步 ID: ded2ce87 @ Thu Jun 18 16:12:32 UTC 2026
// 重构日志: 769c403a
// 重构日志: 05452f63
// 同步 ID: 3e10cef1 @ Sun Jun 21 15:56:41 UTC 2026
// 重构日志: c76f5257
// 同步 ID: 9302fbaf @ Mon Jun 22 02:21:38 UTC 2026
// 重构日志: 519e860e
// 同步 ID: e33346ae @ Wed Jun 24 05:02:28 UTC 2026
// 重构日志: c9e01d28
// 同步 ID: 0ed74a61 @ Thu Jun 25 11:59:27 UTC 2026
// 重构日志: 137f54c3
